<?xml version="1.0" encoding="UTF-8"?>
<testsuite name="com.festcampus.projectboard.FestCampusProjectBoardApplicationTests" tests="1" skipped="0" failures="0" errors="0" timestamp="2023-07-24T06:31:23" hostname="giftnetui-Macmini.local" time="0.158">
  <properties/>
  <testcase name="contextLoads()" classname="com.festcampus.projectboard.FestCampusProjectBoardApplicationTests" time="0.158"/>
  <system-out><![CDATA[15:31:17.577 [Test worker] DEBUG org.springframework.test.context.BootstrapUtils - Instantiating CacheAwareContextLoaderDelegate from class [org.springframework.test.context.cache.DefaultCacheAwareContextLoaderDelegate]
15:31:17.581 [Test worker] DEBUG org.springframework.test.context.BootstrapUtils - Instantiating BootstrapContext using constructor [public org.springframework.test.context.support.DefaultBootstrapContext(java.lang.Class,org.springframework.test.context.CacheAwareContextLoaderDelegate)]
15:31:17.594 [Test worker] DEBUG org.springframework.test.context.BootstrapUtils - Instantiating TestContextBootstrapper for test class [com.festcampus.projectboard.FestCampusProjectBoardApplicationTests] from class [org.springframework.boot.test.context.SpringBootTestContextBootstrapper]
15:31:17.598 [Test worker] INFO org.springframework.boot.test.context.SpringBootTestContextBootstrapper - Neither @ContextConfiguration nor @ContextHierarchy found for test class [com.festcampus.projectboard.FestCampusProjectBoardApplicationTests], using SpringBootContextLoader
15:31:17.600 [Test worker] DEBUG org.springframework.test.context.support.AbstractContextLoader - Did not detect default resource location for test class [com.festcampus.projectboard.FestCampusProjectBoardApplicationTests]: class path resource [com/festcampus/projectboard/FestCampusProjectBoardApplicationTests-context.xml] does not exist
15:31:17.600 [Test worker] DEBUG org.springframework.test.context.support.AbstractContextLoader - Did not detect default resource location for test class [com.festcampus.projectboard.FestCampusProjectBoardApplicationTests]: class path resource [com/festcampus/projectboard/FestCampusProjectBoardApplicationTestsContext.groovy] does not exist
15:31:17.600 [Test worker] INFO org.springframework.test.context.support.AbstractContextLoader - Could not detect default resource locations for test class [com.festcampus.projectboard.FestCampusProjectBoardApplicationTests]: no resource found for suffixes {-context.xml, Context.groovy}.
15:31:17.600 [Test worker] INFO org.springframework.test.context.support.AnnotationConfigContextLoaderUtils - Could not detect default configuration classes for test class [com.festcampus.projectboard.FestCampusProjectBoardApplicationTests]: FestCampusProjectBoardApplicationTests does not declare any static, non-private, non-final, nested classes annotated with @Configuration.
15:31:17.614 [Test worker] DEBUG org.springframework.test.context.support.ActiveProfilesUtils - Could not find an 'annotation declaring class' for annotation type [org.springframework.test.context.ActiveProfiles] and class [com.festcampus.projectboard.FestCampusProjectBoardApplicationTests]
15:31:17.635 [Test worker] DEBUG org.springframework.context.annotation.ClassPathScanningCandidateComponentProvider - Identified candidate component class: file [/Users/giftnet/IdeaProjects/festcampus-project-board/build/classes/java/main/com/festcampus/projectboard/FestCampusProjectBoardApplication.class]
15:31:17.635 [Test worker] INFO org.springframework.boot.test.context.SpringBootTestContextBootstrapper - Found @SpringBootConfiguration com.festcampus.projectboard.FestCampusProjectBoardApplication for test class com.festcampus.projectboard.FestCampusProjectBoardApplicationTests
15:31:17.666 [Test worker] DEBUG org.springframework.boot.test.context.SpringBootTestContextBootstrapper - @TestExecutionListeners is not present for class [com.festcampus.projectboard.FestCampusProjectBoardApplicationTests]: using defaults.
15:31:17.666 [Test worker] INFO org.springframework.boot.test.context.SpringBootTestContextBootstrapper - Loaded default TestExecutionListener class names from location [META-INF/spring.factories]: [org.springframework.boot.test.autoconfigure.restdocs.RestDocsTestExecutionListener, org.springframework.boot.test.autoconfigure.web.client.MockRestServiceServerResetTestExecutionListener, org.springframework.boot.test.autoconfigure.web.servlet.MockMvcPrintOnlyOnFailureTestExecutionListener, org.springframework.boot.test.autoconfigure.web.servlet.WebDriverTestExecutionListener, org.springframework.boot.test.autoconfigure.webservices.client.MockWebServiceServerTestExecutionListener, org.springframework.boot.test.mock.mockito.MockitoTestExecutionListener, org.springframework.boot.test.mock.mockito.ResetMocksTestExecutionListener, org.springframework.test.context.web.ServletTestExecutionListener, org.springframework.test.context.support.DirtiesContextBeforeModesTestExecutionListener, org.springframework.test.context.event.ApplicationEventsTestExecutionListener, org.springframework.test.context.support.DependencyInjectionTestExecutionListener, org.springframework.test.context.support.DirtiesContextTestExecutionListener, org.springframework.test.context.transaction.TransactionalTestExecutionListener, org.springframework.test.context.jdbc.SqlScriptsTestExecutionListener, org.springframework.test.context.event.EventPublishingTestExecutionListener]
15:31:17.670 [Test worker] DEBUG org.springframework.boot.test.context.SpringBootTestContextBootstrapper - Skipping candidate TestExecutionListener [org.springframework.test.context.transaction.TransactionalTestExecutionListener] due to a missing dependency. Specify custom listener classes or make the default listener classes and their required dependencies available. Offending class: [org/springframework/transaction/TransactionDefinition]
15:31:17.670 [Test worker] DEBUG org.springframework.boot.test.context.SpringBootTestContextBootstrapper - Skipping candidate TestExecutionListener [org.springframework.test.context.jdbc.SqlScriptsTestExecutionListener] due to a missing dependency. Specify custom listener classes or make the default listener classes and their required dependencies available. Offending class: [org/springframework/transaction/interceptor/TransactionAttribute]
15:31:17.670 [Test worker] INFO org.springframework.boot.test.context.SpringBootTestContextBootstrapper - Using TestExecutionListeners: [org.springframework.test.context.web.ServletTestExecutionListener@e077866, org.springframework.test.context.support.DirtiesContextBeforeModesTestExecutionListener@ed3068a, org.springframework.test.context.event.ApplicationEventsTestExecutionListener@7c2b6087, org.springframework.boot.test.mock.mockito.MockitoTestExecutionListener@3fffff43, org.springframework.boot.test.autoconfigure.SpringBootDependencyInjectionTestExecutionListener@a8e6492, org.springframework.test.context.support.DirtiesContextTestExecutionListener@1c7fd41f, org.springframework.test.context.event.EventPublishingTestExecutionListener@3b77a04f, org.springframework.boot.test.autoconfigure.restdocs.RestDocsTestExecutionListener@7b324585, org.springframework.boot.test.autoconfigure.web.client.MockRestServiceServerResetTestExecutionListener@2e11485, org.springframework.boot.test.autoconfigure.web.servlet.MockMvcPrintOnlyOnFailureTestExecutionListener@60dce7ea, org.springframework.boot.test.autoconfigure.web.servlet.WebDriverTestExecutionListener@662f5666, org.springframework.boot.test.autoconfigure.webservices.client.MockWebServiceServerTestExecutionListener@fd8294b, org.springframework.boot.test.mock.mockito.ResetMocksTestExecutionListener@5974109]
15:31:17.672 [Test worker] DEBUG org.springframework.test.context.support.AbstractDirtiesContextTestExecutionListener - Before test class: context [DefaultTestContext@f73dcd6 testClass = FestCampusProjectBoardApplicationTests, testInstance = [null], testMethod = [null], testException = [null], mergedContextConfiguration = [WebMergedContextConfiguration@5c87bfe2 testClass = FestCampusProjectBoardApplicationTests, locations = '{}', classes = '{class com.festcampus.projectboard.FestCampusProjectBoardApplication}', contextInitializerClasses = '[]', activeProfiles = '{}', propertySourceLocations = '{}', propertySourceProperties = '{org.springframework.boot.test.context.SpringBootTestContextBootstrapper=true}', contextCustomizers = set[org.springframework.boot.test.autoconfigure.actuate.metrics.MetricsExportContextCustomizerFactory$DisableMetricExportContextCustomizer@7922d892, org.springframework.boot.test.autoconfigure.properties.PropertyMappingContextCustomizer@0, org.springframework.boot.test.autoconfigure.web.servlet.WebDriverContextCustomizerFactory$Customizer@12d2ce03, org.springframework.boot.test.context.filter.ExcludeFilterContextCustomizer@1984b1f, org.springframework.boot.test.json.DuplicateJsonObjectContextCustomizerFactory$DuplicateJsonObjectContextCustomizer@6d167f58, org.springframework.boot.test.mock.mockito.MockitoContextCustomizer@0, org.springframework.boot.test.web.client.TestRestTemplateContextCustomizer@172b013, org.springframework.boot.test.context.SpringBootTestArgs@1, org.springframework.boot.test.context.SpringBootTestWebEnvironment@7494f96a], resourceBasePath = 'src/main/webapp', contextLoader = 'org.springframework.boot.test.context.SpringBootContextLoader', parent = [null]], attributes = map['org.springframework.test.context.web.ServletTestExecutionListener.activateListener' -> true]], class annotated with @DirtiesContext [false] with mode [null].

  .   ____          _            __ _ _
 /\\ / ___'_ __ _ _(_)_ __  __ _ \ \ \ \
( ( )\___ | '_ | '_| | '_ \/ _` | \ \ \ \
 \\/  ___)| |_)| | | | | || (_| |  ) ) ) )
  '  |____| .__|_| |_|_| |_\__, | / / / /
 =========|_|==============|___/=/_/_/_/
 :: Spring Boot ::               (v2.7.14)

2023-07-24 15:31:22.819  INFO 1698 --- [    Test worker] p.FestCampusProjectBoardApplicationTests : Starting FestCampusProjectBoardApplicationTests using Java 17.0.8 on giftnetui-Macmini.local with PID 1698 (started by giftnet in /Users/giftnet/IdeaProjects/festcampus-project-board)
2023-07-24 15:31:22.819  INFO 1698 --- [    Test worker] p.FestCampusProjectBoardApplicationTests : No active profile set, falling back to 1 default profile: "default"
2023-07-24 15:31:23.499  INFO 1698 --- [    Test worker] o.s.b.a.e.web.EndpointLinksResolver      : Exposing 1 endpoint(s) beneath base path '/actuator'
2023-07-24 15:31:23.523  INFO 1698 --- [    Test worker] p.FestCampusProjectBoardApplicationTests : Started FestCampusProjectBoardApplicationTests in 5.837 seconds (JVM running for 6.248)
]]></system-out>
  <system-err><![CDATA[]]></system-err>
</testsuite>
